{"name":"todoApp","hostname":"UTILISA-LJOD9AV","pid":13588,"level":50,"msg":"title is mandatory","time":"2023-03-03T08:53:46.975Z","v":0}
{"name":"todoApp","hostname":"UTILISA-LJOD9AV","pid":13588,"level":50,"msg":"status is mandatory","time":"2023-03-03T09:00:49.734Z","v":0}
{"name":"todoApp","hostname":"UTILISA-LJOD9AV","pid":13588,"level":50,"msg":"\"id\" is not allowed","time":"2023-03-03T09:06:57.862Z","v":0}
{"name":"todoApp","hostname":"UTILISA-LJOD9AV","pid":19708,"level":50,"msg":"title is mandatory","time":"2023-03-03T09:35:30.295Z","v":0}
{"name":"todoApp","hostname":"UTILISA-LJOD9AV","pid":19708,"level":50,"msg":"title is mandatory","time":"2023-03-03T09:35:44.074Z","v":0}
{"name":"todoApp","hostname":"UTILISA-LJOD9AV","pid":19708,"level":50,"msg":"title is mandatory","time":"2023-03-03T10:26:13.030Z","v":0}
{"name":"todoApp","hostname":"UTILISA-LJOD9AV","pid":19708,"level":50,"msg":"title is mandatory","time":"2023-03-03T10:26:14.184Z","v":0}
{"name":"todoApp","hostname":"UTILISA-LJOD9AV","pid":19708,"level":50,"msg":"todo not find","time":"2023-03-03T11:53:15.006Z","v":0}
{"name":"todoApp","hostname":"UTILISA-LJOD9AV","pid":19708,"level":50,"msg":"todo not find","time":"2023-03-03T11:55:32.843Z","v":0}
{"name":"todoApp","hostname":"UTILISA-LJOD9AV","pid":19708,"level":50,"msg":"todo not find","time":"2023-03-03T11:55:38.568Z","v":0}
{"name":"todoApp","hostname":"UTILISA-LJOD9AV","pid":19708,"level":50,"msg":"Cannot set properties of undefined (setting 'title')","time":"2023-03-03T11:57:04.267Z","v":0}
{"name":"todoApp","hostname":"UTILISA-LJOD9AV","pid":19708,"level":50,"msg":"Cannot set properties of undefined (setting 'title')","time":"2023-03-03T11:57:38.990Z","v":0}
{"name":"todoApp","hostname":"UTILISA-LJOD9AV","pid":19708,"level":50,"msg":"Cannot set properties of undefined (setting 'title')","time":"2023-03-03T11:57:45.422Z","v":0}
{"name":"todoApp","hostname":"UTILISA-LJOD9AV","pid":19708,"level":50,"msg":"Cannot set properties of undefined (setting 'title')","time":"2023-03-03T11:58:04.562Z","v":0}
{"name":"todoApp","hostname":"UTILISA-LJOD9AV","pid":19708,"level":50,"msg":"Cannot set properties of undefined (setting 'title')","time":"2023-03-03T11:58:22.092Z","v":0}
{"name":"todoApp","hostname":"UTILISA-LJOD9AV","pid":19708,"level":50,"msg":"Cannot set properties of undefined (setting 'title')","time":"2023-03-03T11:59:54.366Z","v":0}
{"name":"todoApp","hostname":"UTILISA-LJOD9AV","pid":19708,"level":50,"msg":"Cannot set properties of undefined (setting 'title')","time":"2023-03-03T12:00:13.887Z","v":0}
{"name":"todoApp","hostname":"UTILISA-LJOD9AV","pid":19708,"level":50,"msg":"Cannot set properties of undefined (setting 'title')","time":"2023-03-03T12:00:21.110Z","v":0}
{"name":"todoApp","hostname":"UTILISA-LJOD9AV","pid":19708,"level":50,"msg":"Cannot set properties of undefined (setting 'status')","time":"2023-03-03T12:01:28.463Z","v":0}
{"name":"todoApp","hostname":"UTILISA-LJOD9AV","pid":19748,"level":50,"msg":"Cannot set properties of undefined (setting 'status')","time":"2023-03-03T12:46:19.494Z","v":0}
{"name":"todoApp","hostname":"UTILISA-LJOD9AV","pid":20244,"level":50,"msg":"Cannot read properties of undefined (reading 'id')","time":"2023-03-03T12:48:04.801Z","v":0}
{"name":"todoApp","hostname":"UTILISA-LJOD9AV","pid":20244,"level":50,"msg":"Cannot read properties of undefined (reading 'id')","time":"2023-03-03T12:48:16.774Z","v":0}
{"name":"todoApp","hostname":"UTILISA-LJOD9AV","pid":20244,"level":50,"msg":"Cannot read properties of undefined (reading 'id')","time":"2023-03-03T12:48:20.203Z","v":0}
{"name":"todoApp","hostname":"UTILISA-LJOD9AV","pid":20244,"level":50,"msg":"Cannot read properties of undefined (reading 'id')","time":"2023-03-03T12:48:22.961Z","v":0}
{"name":"todoApp","hostname":"UTILISA-LJOD9AV","pid":20244,"level":50,"msg":"Cannot read properties of undefined (reading 'id')","time":"2023-03-03T12:48:24.320Z","v":0}
{"name":"todoApp","hostname":"UTILISA-LJOD9AV","pid":20244,"level":50,"msg":"Cannot read properties of undefined (reading 'id')","time":"2023-03-03T12:48:29.676Z","v":0}
{"name":"todoApp","hostname":"UTILISA-LJOD9AV","pid":20244,"level":50,"msg":"Cannot read properties of undefined (reading 'id')","time":"2023-03-03T12:48:30.648Z","v":0}
{"name":"todoApp","hostname":"UTILISA-LJOD9AV","pid":20244,"level":50,"msg":"Cannot read properties of undefined (reading 'id')","time":"2023-03-03T12:48:31.693Z","v":0}
{"name":"todoApp","hostname":"UTILISA-LJOD9AV","pid":20244,"level":50,"msg":"Cannot read properties of undefined (reading 'id')","time":"2023-03-03T12:48:32.486Z","v":0}
{"name":"todoApp","hostname":"UTILISA-LJOD9AV","pid":20244,"level":50,"msg":"Cannot read properties of undefined (reading 'id')","time":"2023-03-03T12:48:33.270Z","v":0}
{"name":"todoApp","hostname":"UTILISA-LJOD9AV","pid":20244,"level":50,"msg":"Cannot read properties of undefined (reading 'id')","time":"2023-03-03T12:48:33.681Z","v":0}
{"name":"todoApp","hostname":"UTILISA-LJOD9AV","pid":20244,"level":50,"msg":"Cannot read properties of undefined (reading 'id')","time":"2023-03-03T12:50:17.088Z","v":0}
{"name":"todoApp","hostname":"UTILISA-LJOD9AV","pid":20244,"level":50,"msg":"Cannot read properties of undefined (reading 'id')","time":"2023-03-03T12:50:18.284Z","v":0}
{"name":"todoApp","hostname":"UTILISA-LJOD9AV","pid":20244,"level":50,"msg":"Cannot read properties of undefined (reading 'id')","time":"2023-03-03T12:50:19.630Z","v":0}
{"name":"todoApp","hostname":"UTILISA-LJOD9AV","pid":20244,"level":50,"msg":"Cannot read properties of undefined (reading 'id')","time":"2023-03-03T12:50:20.807Z","v":0}
{"name":"todoApp","hostname":"UTILISA-LJOD9AV","pid":7412,"level":50,"msg":"title is mandatory","time":"2023-03-03T12:50:56.401Z","v":0}
{"name":"todoApp","hostname":"UTILISA-LJOD9AV","pid":7412,"level":50,"msg":"Cannot read properties of undefined (reading 'id')","time":"2023-03-03T12:51:16.657Z","v":0}
{"name":"todoApp","hostname":"UTILISA-LJOD9AV","pid":18932,"level":50,"msg":"Cannot read properties of undefined (reading 'id')","time":"2023-03-03T12:53:12.983Z","v":0}
{"name":"todoApp","hostname":"UTILISA-LJOD9AV","pid":18932,"level":50,"msg":"Cannot read properties of undefined (reading 'id')","time":"2023-03-03T12:53:13.830Z","v":0}
{"name":"todoApp","hostname":"UTILISA-LJOD9AV","pid":18932,"level":50,"msg":"Cannot read properties of undefined (reading 'id')","time":"2023-03-03T12:53:14.835Z","v":0}
{"name":"todoApp","hostname":"UTILISA-LJOD9AV","pid":7992,"level":50,"msg":"Cannot read properties of undefined (reading 'id')","time":"2023-03-03T12:55:31.289Z","v":0}
{"name":"todoApp","hostname":"UTILISA-LJOD9AV","pid":7992,"level":50,"msg":"Cannot read properties of undefined (reading 'id')","time":"2023-03-03T12:55:31.830Z","v":0}
{"name":"todoApp","hostname":"UTILISA-LJOD9AV","pid":18324,"level":50,"msg":"title is mandatory","time":"2023-03-03T12:58:54.137Z","v":0}
{"name":"todoApp","hostname":"UTILISA-LJOD9AV","pid":18324,"level":50,"msg":"title is mandatory","time":"2023-03-03T14:31:44.402Z","v":0}
{"name":"todoApp","hostname":"UTILISA-LJOD9AV","pid":18324,"level":50,"msg":"title is mandatory","time":"2023-03-03T14:37:03.885Z","v":0}
{"name":"todoApp","hostname":"UTILISA-LJOD9AV","pid":18324,"level":50,"msg":"title is mandatory","time":"2023-03-03T14:37:09.746Z","v":0}
{"name":"todoApp","hostname":"UTILISA-LJOD9AV","pid":18324,"level":50,"msg":"title is mandatory","time":"2023-03-03T14:48:41.770Z","v":0}
{"name":"todoApp","hostname":"UTILISA-LJOD9AV","pid":18324,"level":50,"msg":"title is mandatory","time":"2023-03-03T14:48:43.205Z","v":0}
{"name":"todoApp","hostname":"UTILISA-LJOD9AV","pid":18324,"level":50,"msg":"title is mandatory","time":"2023-03-03T14:48:43.428Z","v":0}
{"name":"todoApp","hostname":"UTILISA-LJOD9AV","pid":18324,"level":50,"msg":"title is mandatory","time":"2023-03-03T14:48:43.605Z","v":0}
{"name":"todoApp","hostname":"UTILISA-LJOD9AV","pid":18324,"level":50,"msg":"title is mandatory","time":"2023-03-03T14:49:01.988Z","v":0}
{"name":"todoApp","hostname":"UTILISA-LJOD9AV","pid":18324,"level":50,"msg":"title is mandatory","time":"2023-03-03T14:49:14.371Z","v":0}
{"name":"todoApp","hostname":"UTILISA-LJOD9AV","pid":18324,"level":50,"msg":"title is mandatory","time":"2023-03-03T14:49:25.468Z","v":0}
{"name":"todoApp","hostname":"UTILISA-LJOD9AV","pid":18324,"level":50,"msg":"title is mandatory","time":"2023-03-03T14:50:17.685Z","v":0}
{"name":"todoApp","hostname":"UTILISA-LJOD9AV","pid":18324,"level":50,"msg":"title is mandatory","time":"2023-03-03T14:50:47.673Z","v":0}
{"name":"todoApp","hostname":"UTILISA-LJOD9AV","pid":18324,"level":50,"msg":"title is mandatory","time":"2023-03-03T14:51:14.038Z","v":0}
{"name":"todoApp","hostname":"UTILISA-LJOD9AV","pid":7752,"level":50,"msg":"\"status\" must be a boolean","time":"2023-03-05T12:36:04.258Z","v":0}
{"name":"todoApp","hostname":"UTILISA-LJOD9AV","pid":7752,"level":50,"msg":"\"status\" must be a boolean","time":"2023-03-05T12:36:08.262Z","v":0}
{"name":"todoApp","hostname":"UTILISA-LJOD9AV","pid":7752,"level":50,"msg":"\"status\" must be a boolean","time":"2023-03-05T12:36:08.773Z","v":0}
{"name":"todoApp","hostname":"UTILISA-LJOD9AV","pid":7752,"level":50,"msg":"\"status\" must be a boolean","time":"2023-03-05T12:36:08.946Z","v":0}
{"name":"todoApp","hostname":"UTILISA-LJOD9AV","pid":7752,"level":50,"msg":"\"status\" must be a boolean","time":"2023-03-05T12:36:09.081Z","v":0}
{"name":"todoApp","hostname":"UTILISA-LJOD9AV","pid":7752,"level":50,"msg":"\"status\" must be a boolean","time":"2023-03-05T12:36:09.214Z","v":0}
{"name":"todoApp","hostname":"UTILISA-LJOD9AV","pid":7752,"level":50,"msg":"\"status\" must be a boolean","time":"2023-03-05T12:36:09.335Z","v":0}
{"name":"todoApp","hostname":"UTILISA-LJOD9AV","pid":7752,"level":50,"msg":"\"status\" must be a boolean","time":"2023-03-05T12:36:11.230Z","v":0}
{"name":"todoApp","hostname":"UTILISA-LJOD9AV","pid":7752,"level":50,"msg":"\"status\" must be a boolean","time":"2023-03-05T12:36:14.823Z","v":0}
{"name":"todoApp","hostname":"UTILISA-LJOD9AV","pid":7752,"level":50,"msg":"\"status\" must be a boolean","time":"2023-03-05T12:36:18.305Z","v":0}
{"name":"todoApp","hostname":"UTILISA-LJOD9AV","pid":7752,"level":50,"msg":"\"status\" must be a boolean","time":"2023-03-05T12:36:26.757Z","v":0}
{"name":"todoApp","hostname":"UTILISA-LJOD9AV","pid":7752,"level":50,"msg":"\"status\" must be a boolean","time":"2023-03-05T12:36:31.788Z","v":0}
{"name":"todoApp","hostname":"UTILISA-LJOD9AV","pid":7752,"level":50,"msg":"\"status\" must be a boolean","time":"2023-03-05T12:36:33.091Z","v":0}
{"name":"todoApp","hostname":"UTILISA-LJOD9AV","pid":15356,"level":50,"msg":"\"status\" must be a boolean","time":"2023-03-05T12:38:03.257Z","v":0}
{"name":"todoApp","hostname":"UTILISA-LJOD9AV","pid":21524,"level":50,"msg":"todo not find","time":"2023-03-05T12:41:51.286Z","v":0}
{"name":"todoApp","hostname":"UTILISA-LJOD9AV","pid":21524,"level":50,"msg":"\"status\" must be a boolean","time":"2023-03-05T12:43:00.227Z","v":0}
{"name":"todoApp","hostname":"UTILISA-LJOD9AV","pid":21524,"level":50,"msg":"\"status\" must be a boolean","time":"2023-03-05T12:43:31.558Z","v":0}
{"name":"todoApp","hostname":"UTILISA-LJOD9AV","pid":21524,"level":50,"msg":"\"status\" must be a boolean","time":"2023-03-05T12:43:44.082Z","v":0}
{"name":"todoApp","hostname":"UTILISA-LJOD9AV","pid":21524,"level":50,"msg":"\"status\" must be a boolean","time":"2023-03-05T12:44:51.144Z","v":0}
{"name":"todoApp","hostname":"UTILISA-LJOD9AV","pid":21524,"level":50,"msg":"\"status\" must be a boolean","time":"2023-03-05T12:45:25.579Z","v":0}
{"name":"todoApp","hostname":"UTILISA-LJOD9AV","pid":21524,"level":50,"msg":"\"status\" must be a boolean","time":"2023-03-05T12:45:29.232Z","v":0}
